<?xml version="1.0" encoding="UTF-8"?>
<!-- Generated by org.testng.reporters.JUnitReportReporter -->
<testsuite skipped="0" hostname="DESKTOP-OG4VMRE" name="test.TestRun" tests="1" failures="0" timestamp="31 Dec 2017 11:15:09 GMT" time="77.854" errors="0">
  <testcase name="totalsearchCategory" time="77.854" classname="test.TestRun"/>
</testsuite> <!-- test.TestRun -->
